{
  message: 'Database Connection Successful',
  level: 'info',
  service: 'user-service',
  label: 'right meow!',
  timestamp: '2023-06-07T16:02:59.828Z'
}
{
  message: 'Application is listening on port 5000',
  level: 'info',
  service: 'user-service',
  label: 'right meow!',
  timestamp: '2023-06-07T16:02:59.870Z'
}
{
  message: 'Database Connection Successful',
  level: 'info',
  service: 'user-service',
  label: 'right meow!',
  timestamp: '2023-06-07T16:09:59.325Z'
}
{
  message: 'Application is listening on port 5000',
  level: 'info',
  service: 'user-service',
  label: 'right meow!',
  timestamp: '2023-06-07T16:09:59.364Z'
}
{
  message: 'Database Connection Successful',
  level: 'info',
  service: 'user-service',
  label: 'right meow!',
  timestamp: '2023-06-07T16:10:08.322Z'
}
{
  message: 'Application is listening on port 5000',
  level: 'info',
  service: 'user-service',
  label: 'right meow!',
  timestamp: '2023-06-07T16:10:08.375Z'
}
{
  message: 'Database Connection Successful',
  level: 'info',
  service: 'user-service',
  label: 'right meow!',
  timestamp: '2023-06-07T16:32:44.217Z'
}
{
  message: 'Application is listening on port 5000',
  level: 'info',
  service: 'user-service',
  label: 'right meow!',
  timestamp: '2023-06-07T16:32:44.255Z'
}
{
  message: 'Database Connection Successful',
  level: 'info',
  service: 'user-service',
  label: 'right meow!',
  timestamp: '2023-06-07T16:35:23.648Z'
}
{
  message: 'Application is listening on port 5000',
  level: 'info',
  service: 'user-service',
  label: 'right meow!',
  timestamp: '2023-06-07T16:35:23.691Z'
}
{
  message: 'Database Connection Successful',
  level: 'info',
  service: 'user-service',
  label: 'right meow!',
  timestamp: '2023-06-07T16:37:55.311Z'
}
{
  message: 'Application is listening on port 5000',
  level: 'info',
  service: 'user-service',
  label: 'right meow!',
  timestamp: '2023-06-07T16:37:55.472Z'
}
{
  message: 'Database Connection Successful',
  level: 'info',
  service: 'user-service',
  label: 'right meow!',
  timestamp: '2023-06-07T16:38:14.608Z'
}
{
  message: 'Application is listening on port 5000',
  level: 'info',
  service: 'user-service',
  label: 'right meow!',
  timestamp: '2023-06-07T16:38:14.676Z'
}
{
  message: 'Database Connection Successful',
  level: 'info',
  service: 'user-service',
  label: 'right meow!',
  timestamp: '2023-06-07T16:38:44.968Z'
}
{
  message: 'Application is listening on port 5000',
  level: 'info',
  service: 'user-service',
  label: 'right meow!',
  timestamp: '2023-06-07T16:38:45.067Z'
}
