{
  message: 'Database Connection Successful',
  level: 'info',
  service: 'user-service',
  label: 'right meow!',
  timestamp: '2023-06-05T17:11:42.380Z'
}
{
  message: 'Application is listening on port 5000',
  level: 'info',
  service: 'user-service',
  label: 'right meow!',
  timestamp: '2023-06-05T17:11:42.450Z'
}
{
  message: 'Database Connection Successful',
  level: 'info',
  service: 'user-service',
  label: 'right meow!',
  timestamp: '2023-06-05T17:21:32.955Z'
}
{
  message: 'Application is listening on port 5000',
  level: 'info',
  service: 'user-service',
  label: 'right meow!',
  timestamp: '2023-06-05T17:21:33.006Z'
}
{
  message: 'Database Connection Successful',
  level: 'info',
  service: 'user-service',
  label: 'right meow!',
  timestamp: '2023-06-05T17:52:09.362Z'
}
{
  message: 'Application is listening on port 5000',
  level: 'info',
  service: 'user-service',
  label: 'right meow!',
  timestamp: '2023-06-05T17:52:09.411Z'
}
