{
  message: 'Database Connection Successful',
  level: 'info',
  service: 'user-service',
  label: 'right meow!',
  timestamp: '2023-06-06T19:12:43.909Z'
}
{
  message: 'Application is listening on port 5000',
  level: 'info',
  service: 'user-service',
  label: 'right meow!',
  timestamp: '2023-06-06T19:12:44.140Z'
}
{
  message: 'Database Connection Successful',
  level: 'info',
  service: 'user-service',
  label: 'right meow!',
  timestamp: '2023-06-06T19:13:09.833Z'
}
{
  message: 'Application is listening on port 5000',
  level: 'info',
  service: 'user-service',
  label: 'right meow!',
  timestamp: '2023-06-06T19:13:09.868Z'
}
{
  message: 'Database Connection Successful',
  level: 'info',
  service: 'user-service',
  label: 'right meow!',
  timestamp: '2023-06-06T19:13:31.684Z'
}
{
  message: 'Application is listening on port 5000',
  level: 'info',
  service: 'user-service',
  label: 'right meow!',
  timestamp: '2023-06-06T19:13:31.720Z'
}
{
  message: 'Database Connection Successful',
  level: 'info',
  service: 'user-service',
  label: 'right meow!',
  timestamp: '2023-06-06T19:15:55.782Z'
}
{
  message: 'Application is listening on port 5000',
  level: 'info',
  service: 'user-service',
  label: 'right meow!',
  timestamp: '2023-06-06T19:15:55.821Z'
}
{
  message: 'Database Connection Successful',
  level: 'info',
  service: 'user-service',
  label: 'right meow!',
  timestamp: '2023-06-06T19:16:22.013Z'
}
{
  message: 'Application is listening on port 5000',
  level: 'info',
  service: 'user-service',
  label: 'right meow!',
  timestamp: '2023-06-06T19:16:22.048Z'
}
{
  message: 'Database Connection Successful',
  level: 'info',
  service: 'user-service',
  label: 'right meow!',
  timestamp: '2023-06-06T19:17:32.978Z'
}
{
  message: 'Application is listening on port 5000',
  level: 'info',
  service: 'user-service',
  label: 'right meow!',
  timestamp: '2023-06-06T19:17:33.016Z'
}
{
  message: 'Database Connection Successful',
  level: 'info',
  service: 'user-service',
  label: 'right meow!',
  timestamp: '2023-06-06T19:18:51.620Z'
}
{
  message: 'Application is listening on port 5000',
  level: 'info',
  service: 'user-service',
  label: 'right meow!',
  timestamp: '2023-06-06T19:18:51.672Z'
}
{
  message: 'Database Connection Successful',
  level: 'info',
  service: 'user-service',
  label: 'right meow!',
  timestamp: '2023-06-06T19:19:10.154Z'
}
{
  message: 'Application is listening on port 5000',
  level: 'info',
  service: 'user-service',
  label: 'right meow!',
  timestamp: '2023-06-06T19:19:10.189Z'
}
{
  message: 'Database Connection Successful',
  level: 'info',
  service: 'user-service',
  label: 'right meow!',
  timestamp: '2023-06-06T19:19:32.175Z'
}
{
  message: 'Application is listening on port 5000',
  level: 'info',
  service: 'user-service',
  label: 'right meow!',
  timestamp: '2023-06-06T19:19:32.222Z'
}
{
  message: 'Database Connection Successful',
  level: 'info',
  service: 'user-service',
  label: 'right meow!',
  timestamp: '2023-06-06T19:21:09.960Z'
}
{
  message: 'Application is listening on port 5000',
  level: 'info',
  service: 'user-service',
  label: 'right meow!',
  timestamp: '2023-06-06T19:21:10.001Z'
}
{
  message: 'Database Connection Successful',
  level: 'info',
  service: 'user-service',
  label: 'right meow!',
  timestamp: '2023-06-06T19:38:07.554Z'
}
{
  message: 'Application is listening on port 5000',
  level: 'info',
  service: 'user-service',
  label: 'right meow!',
  timestamp: '2023-06-06T19:38:07.599Z'
}
{
  message: 'Database Connection Successful',
  level: 'info',
  service: 'user-service',
  label: 'right meow!',
  timestamp: '2023-06-06T19:38:22.590Z'
}
{
  message: 'Application is listening on port 5000',
  level: 'info',
  service: 'user-service',
  label: 'right meow!',
  timestamp: '2023-06-06T19:38:22.624Z'
}
{
  message: 'Database Connection Successful',
  level: 'info',
  service: 'user-service',
  label: 'right meow!',
  timestamp: '2023-06-06T19:42:28.616Z'
}
{
  message: 'Application is listening on port 5000',
  level: 'info',
  service: 'user-service',
  label: 'right meow!',
  timestamp: '2023-06-06T19:42:28.657Z'
}
{
  message: 'Database Connection Successful',
  level: 'info',
  service: 'user-service',
  label: 'right meow!',
  timestamp: '2023-06-06T19:44:21.981Z'
}
{
  message: 'Application is listening on port 5000',
  level: 'info',
  service: 'user-service',
  label: 'right meow!',
  timestamp: '2023-06-06T19:44:22.013Z'
}
{
  message: 'Database Connection Successful',
  level: 'info',
  service: 'user-service',
  label: 'right meow!',
  timestamp: '2023-06-06T19:47:03.662Z'
}
{
  message: 'Application is listening on port 5000',
  level: 'info',
  service: 'user-service',
  label: 'right meow!',
  timestamp: '2023-06-06T19:47:03.705Z'
}
{
  message: 'Database Connection Successful',
  level: 'info',
  service: 'user-service',
  label: 'right meow!',
  timestamp: '2023-06-06T19:48:57.307Z'
}
{
  message: 'Application is listening on port 5000',
  level: 'info',
  service: 'user-service',
  label: 'right meow!',
  timestamp: '2023-06-06T19:48:57.345Z'
}
{
  message: 'Database Connection Successful',
  level: 'info',
  service: 'user-service',
  label: 'right meow!',
  timestamp: '2023-06-06T19:53:44.405Z'
}
{
  message: 'Application is listening on port 5000',
  level: 'info',
  service: 'user-service',
  label: 'right meow!',
  timestamp: '2023-06-06T19:53:44.452Z'
}
{
  message: 'Database Connection Successful',
  level: 'info',
  service: 'user-service',
  label: 'right meow!',
  timestamp: '2023-06-06T19:56:24.199Z'
}
{
  message: 'Application is listening on port 5000',
  level: 'info',
  service: 'user-service',
  label: 'right meow!',
  timestamp: '2023-06-06T19:56:24.234Z'
}
{
  message: 'Database Connection Successful',
  level: 'info',
  service: 'user-service',
  label: 'right meow!',
  timestamp: '2023-06-06T19:58:51.091Z'
}
{
  message: 'Application is listening on port 5000',
  level: 'info',
  service: 'user-service',
  label: 'right meow!',
  timestamp: '2023-06-06T19:58:51.191Z'
}
