{
  message: 'Database Connection Successful',
  level: 'info',
  service: 'user-service',
  label: 'right meow!',
  timestamp: '2023-06-05T16:06:25.290Z'
}
{
  message: 'Application is listening on port 5000',
  level: 'info',
  service: 'user-service',
  label: 'right meow!',
  timestamp: '2023-06-05T16:06:25.325Z'
}
{
  message: 'Database Connection Successful',
  level: 'info',
  service: 'user-service',
  label: 'right meow!',
  timestamp: '2023-06-05T16:32:46.578Z'
}
{
  message: 'Application is listening on port 5000',
  level: 'info',
  service: 'user-service',
  label: 'right meow!',
  timestamp: '2023-06-05T16:32:46.629Z'
}
