{
  message: 'Database Connection Successful',
  level: 'info',
  service: 'user-service',
  label: 'right meow!',
  timestamp: '2023-06-07T18:16:46.342Z'
}
{
  message: 'Application is listening on port 5000',
  level: 'info',
  service: 'user-service',
  label: 'right meow!',
  timestamp: '2023-06-07T18:16:46.391Z'
}
{
  message: 'Database Connection Successful',
  level: 'info',
  service: 'user-service',
  label: 'right meow!',
  timestamp: '2023-06-07T18:22:58.218Z'
}
{
  message: 'Application is listening on port 5000',
  level: 'info',
  service: 'user-service',
  label: 'right meow!',
  timestamp: '2023-06-07T18:22:58.257Z'
}
{
  message: 'Database Connection Successful',
  level: 'info',
  service: 'user-service',
  label: 'right meow!',
  timestamp: '2023-06-07T18:23:34.046Z'
}
{
  message: 'Application is listening on port 5000',
  level: 'info',
  service: 'user-service',
  label: 'right meow!',
  timestamp: '2023-06-07T18:23:34.087Z'
}
{
  message: 'Database Connection Successful',
  level: 'info',
  service: 'user-service',
  label: 'right meow!',
  timestamp: '2023-06-07T18:25:52.407Z'
}
{
  message: 'Application is listening on port 5000',
  level: 'info',
  service: 'user-service',
  label: 'right meow!',
  timestamp: '2023-06-07T18:25:52.440Z'
}
{
  message: 'Database Connection Successful',
  level: 'info',
  service: 'user-service',
  label: 'right meow!',
  timestamp: '2023-06-07T18:32:39.603Z'
}
{
  message: 'Application is listening on port 5000',
  level: 'info',
  service: 'user-service',
  label: 'right meow!',
  timestamp: '2023-06-07T18:32:39.650Z'
}
{
  message: 'Database Connection Successful',
  level: 'info',
  service: 'user-service',
  label: 'right meow!',
  timestamp: '2023-06-07T18:44:57.656Z'
}
{
  message: 'Application is listening on port 5000',
  level: 'info',
  service: 'user-service',
  label: 'right meow!',
  timestamp: '2023-06-07T18:44:57.714Z'
}
{
  message: 'Database Connection Successful',
  level: 'info',
  service: 'user-service',
  label: 'right meow!',
  timestamp: '2023-06-07T18:47:58.541Z'
}
{
  message: 'Application is listening on port 5000',
  level: 'info',
  service: 'user-service',
  label: 'right meow!',
  timestamp: '2023-06-07T18:47:58.571Z'
}
